[rospy.client][INFO] 2019-09-24 15:23:30,947: init_node, name[/robofriend], pid[1881]
[xmlrpc][INFO] 2019-09-24 15:23:30,948: XML-RPC server binding to 0.0.0.0:0
[xmlrpc][INFO] 2019-09-24 15:23:30,949: Started XML-RPC server [http://raspberrypi:43219/]
[rospy.init][INFO] 2019-09-24 15:23:30,950: ROS Slave URI: [http://raspberrypi:43219/]
[rospy.impl.masterslave][INFO] 2019-09-24 15:23:30,950: _ready: http://raspberrypi:43219/
[xmlrpc][INFO] 2019-09-24 15:23:30,952: xml rpc node: starting XML-RPC server
[rospy.registration][INFO] 2019-09-24 15:23:30,953: Registering with master node http://localhost:11311
[rospy.registration][INFO] 2019-09-24 15:23:30,953: Registering publisher topic [/chatter] type [std_msgs/String] with master
[rospy.init][INFO] 2019-09-24 15:23:31,051: registered with master
[rospy.rosout][INFO] 2019-09-24 15:23:31,051: initializing /rosout core topic
[rospy.rosout][INFO] 2019-09-24 15:23:31,056: connected to core topic /rosout
[rospy.simtime][INFO] 2019-09-24 15:23:31,060: /use_sim_time is not set, will not subscribe to simulated time [/clock] topic
[rospy.internal][INFO] 2019-09-24 15:23:31,264: topic[/rosout] adding connection to [/rosout], count 0
[flask.app][ERROR] 2019-09-24 15:23:31,942: Exception on /sound/get/random [GET]
Traceback (most recent call last):
  File "/usr/lib/python2.7/dist-packages/flask/app.py", line 2292, in wsgi_app
    response = self.full_dispatch_request()
  File "/usr/lib/python2.7/dist-packages/flask/app.py", line 1815, in full_dispatch_request
    rv = self.handle_user_exception(e)
  File "/usr/lib/python2.7/dist-packages/flask/app.py", line 1718, in handle_user_exception
    reraise(exc_type, exc_value, tb)
  File "/usr/lib/python2.7/dist-packages/flask/app.py", line 1813, in full_dispatch_request
    rv = self.dispatch_request()
  File "/usr/lib/python2.7/dist-packages/flask/app.py", line 1799, in dispatch_request
    return self.view_functions[rule.endpoint](**req.view_args)
  File "/home/pi/robofriend_SW/RoboFriend/src/Pi/catkin_ws/src/robofriend_wrapper/src/python/webserverModule.py", line 170, in getRandomSounds
    return getResponse(json.dumps(soundModule.getRandomSounds()))
  File "/home/pi/robofriend_SW/RoboFriend/src/Pi/catkin_ws/src/robofriend_wrapper/src/python/soundModule.py", line 50, in getRandomSounds
    return utils.getFilenames('data/random/')
  File "/home/pi/robofriend_SW/RoboFriend/src/Pi/catkin_ws/src/robofriend_wrapper/src/python/utils.py", line 5, in getFilenames
    return next(os.walk(path))[2]
StopIteration
[rospy.core][INFO] 2019-09-24 15:23:40,531: signal_shutdown [atexit]
[rospy.internal][INFO] 2019-09-24 15:23:40,552: topic[/rosout] removing connection to /rosout
[rospy.impl.masterslave][INFO] 2019-09-24 15:23:40,555: atexit
